<?xml version="1.0" encoding="utf-8"?><testsuites name="pytest tests"><testsuite name="pytest" errors="0" failures="0" skipped="0" tests="65" time="11.013" timestamp="2026-08-29T09:01:07.510513+00:00" hostname="agent-env-f4035013-a6da-4be4-b1ed-a0e4af894fa2"><testcase classname="tests.backend_test.TestHealthAndAuth" name="test_root" time="0.135" /><testcase classname="tests.backend_test.TestHealthAndAuth" name="test_admin_login_returns_token_and_cookies" time="0.411" /><testcase classname="tests.backend_test.TestHealthAndAuth" name="test_login_bad_password" time="0.244" /><testcase classname="tests.backend_test.TestEquipments" name="test_list_all_and_filtered" time="0.838" /><testcase classname="tests.backend_test.TestHealthAndAuth" name="test_login_unknown_email" time="0.044" /><testcase classname="tests.backend_test.TestEquipments" name="test_get_single_equipment" time="0.100" /><testcase classname="tests.backend_test.TestEquipments" name="test_get_equipment_bad_id" time="0.258" /><testcase classname="tests.backend_test.TestHealthAndAuth" name="test_me_with_bearer" time="0.362" /><testcase classname="tests.backend_test.TestHealthAndAuth" name="test_me_without_token" time="0.293" /><testcase classname="tests.backend_test.TestHealthAndAuth" name="test_me_with_invalid_token" time="0.096" /><testcase classname="tests.backend_test.TestEquipments" name="test_tech_site_scoping" time="0.422" /><testcase classname="tests.backend_test.TestHealthAndAuth" name="test_refresh_with_cookie" time="0.394" /><testcase classname="tests.backend_test.TestEquipments" name="test_crud_equipment" time="0.533" /><testcase classname="tests.backend_test.TestHealthAndAuth" name="test_refresh_without_cookie" time="0.094" /><testcase classname="tests.backend_test.TestHealthAndAuth" name="test_logout" time="0.500" /><testcase classname="tests.backend_test.TestEquipments" name="test_viewer_cannot_create_equipment" time="0.502" /><testcase classname="tests.backend_test.TestHealthAndAuth" name="test_bcrypt_hash_format" time="0.013" /><testcase classname="tests.backend_test.TestHealthAndAuth" name="test_brute_force_lockout" time="0.732" /><testcase classname="tests.backend_test.TestEquipments" name="test_tech_cannot_patch_equipment_of_other_site" time="0.223" /><testcase classname="tests.test_site_scope.TestSiteScopeMutations" name="test_equipment_patch_delete_forbidden" time="0.298" /><testcase classname="tests.test_site_scope.TestSiteScopeMutations" name="test_part_patch_delete_forbidden" time="0.438" /><testcase classname="tests.backend_test.TestHealthAndAuth" name="test_cors_credentials_on_actual_request" time="0.333" /><testcase classname="tests.test_site_scope.TestSiteScopeMutations" name="test_failure_patch_delete_forbidden" time="0.533" /><testcase classname="tests.backend_test.TestStock" name="test_list_parts" time="0.187" /><testcase classname="tests.test_site_scope.TestSiteScopeMutations" name="test_analysis_patch_delete_forbidden" time="0.362" /><testcase classname="tests.backend_test.TestStock" name="test_tech_parts_scoped" time="0.408" /><testcase classname="tests.backend_test.TestStock" name="test_list_movements" time="0.098" /><testcase classname="tests.backend_test.TestStock" name="test_movements_kinds_update_quantity" time="0.474" /><testcase classname="tests.test_site_scope.TestSiteScopeMutations" name="test_maintenance_patch_complete_delete_forbidden" time="0.407" /><testcase classname="tests.backend_test.TestStock" name="test_movement_unknown_part" time="0.045" /><testcase classname="tests.test_site_scope.TestSiteScopeMutations" name="test_cannot_reassign_own_doc_to_foreign_site" time="0.339" /><testcase classname="tests.backend_test.TestStock" name="test_viewer_cannot_move_stock" time="0.385" /><testcase classname="tests.backend_test.TestFailures" name="test_list_failures_and_filters" time="0.190" /><testcase classname="tests.test_site_scope.TestSiteScopeMutations" name="test_tech_can_still_patch_own_site_doc" time="0.180" /><testcase classname="tests.backend_test.TestSites" name="test_list_sites_admin" time="0.044" /><testcase classname="tests.backend_test.TestFailures" name="test_create_failure_decrements_stock" time="0.668" /><testcase classname="tests.backend_test.TestSites" name="test_list_sites_technicien_scoped" time="0.083" /><testcase classname="tests.backend_test.TestSites" name="test_create_update_delete_site" time="0.301" /><testcase classname="tests.backend_test.TestSites" name="test_create_site_forbidden_for_tech" time="0.083" /><testcase classname="tests.backend_test.TestMaintenance" name="test_list_maintenance" time="0.044" /><testcase classname="tests.backend_test.TestMaintenance" name="test_full_maintenance_flow" time="0.434" /><testcase classname="tests.backend_test.TestFailures" name="test_invalid_severity_rejected" time="0.043" /><testcase classname="tests.backend_test.TestFailures" name="test_viewer_cannot_create_failure" time="0.052" /><testcase classname="tests.backend_test.TestFailures" name="test_tech_cannot_delete_failure_of_other_site" time="0.273" /><testcase classname="tests.backend_test.TestMaintenance" name="test_complete_unknown_task" time="0.053" /><testcase classname="tests.backend_test.TestMaintenance" name="test_viewer_cannot_complete" time="0.097" /><testcase classname="tests.backend_test.TestFailures" name="test_tech_cannot_create_failure_other_site" time="0.098" /><testcase classname="tests.backend_test.TestAnalyses" name="test_list_analyses" time="0.128" /><testcase classname="tests.backend_test.TestUsersAdmin" name="test_list_users_admin" time="0.051" /><testcase classname="tests.backend_test.TestUsersAdmin" name="test_users_forbidden_for_tech_and_viewer" time="0.134" /><testcase classname="tests.backend_test.TestAnalyses" name="test_create_and_delete_analysis" time="0.451" /><testcase classname="tests.backend_test.TestUsersAdmin" name="test_create_update_delete_user" time="1.609" /><testcase classname="tests.backend_test.TestAnalyses" name="test_viewer_cannot_create_analysis" time="0.044" /><testcase classname="tests.backend_test.TestDashboard" name="test_summary_admin" time="0.051" /><testcase classname="tests.backend_test.TestDashboard" name="test_summary_site_scoped" time="0.316" /><testcase classname="tests.backend_test.TestDashboard" name="test_summary_tech_scoped" time="0.232" /><testcase classname="tests.test_site_scope.TestBruteForce" name="test_lockout_on_sixth_attempt" time="1.206" /><testcase classname="tests.backend_test.TestUsersAdmin" name="test_create_user_invalid_role" time="0.051" /><testcase classname="tests.backend_test.TestFiles" name="test_file_download_requires_auth" time="0.121" /><testcase classname="tests.backend_test.TestFiles" name="test_file_download_missing_returns_404" time="0.454" /><testcase classname="tests.test_site_scope.TestHealthRoute" name="test_root_returns_app_and_status" time="0.099" /><testcase classname="tests.test_site_scope.TestBruteForce" name="test_lockout_does_not_leak_valid_login_of_other_account" time="0.338" /><testcase classname="tests.test_site_scope.TestMovementFilter" name="test_part_id_filter_preserved_for_admin_and_tech" time="0.672" /><testcase classname="tests.test_site_scope.TestCascadeDeletes" name="test_delete_part_removes_movements" time="0.402" /><testcase classname="tests.test_site_scope.TestCascadeDeletes" name="test_delete_maintenance_removes_history" time="0.243" /></testsuite></testsuites>